<?xml version="1.0" encoding="UTF-8"?>
<testng-results skipped="0" failed="1" ignored="0" total="1" passed="0">
  <reporter-output>
  </reporter-output>
  <suite name="Default suite" duration-ms="6088" started-at="2021-09-07T18:11:31Z" finished-at="2021-09-07T18:11:37Z">
    <groups>
    </groups>
    <test name="Default test" duration-ms="6088" started-at="2021-09-07T18:11:31Z" finished-at="2021-09-07T18:11:37Z">
      <class name="TestPackages.MainProjects">
        <test-method status="PASS" signature="beforeClass()[pri:0, instance:TestPackages.MainProjects@589838eb]" name="beforeClass" is-config="true" duration-ms="12" started-at="2021-09-07T18:11:31Z" finished-at="2021-09-07T18:11:31Z">
          <reporter-output>
          </reporter-output>
        </test-method> <!-- beforeClass -->
        <test-method status="PASS" signature="Before()[pri:0, instance:TestPackages.MainProjects@589838eb]" name="Before" is-config="true" duration-ms="5346" started-at="2021-09-07T18:11:31Z" finished-at="2021-09-07T18:11:37Z">
          <reporter-output>
          </reporter-output>
        </test-method> <!-- Before -->
        <test-method status="FAIL" signature="tests(java.lang.String, java.lang.String)[pri:0, instance:TestPackages.MainProjects@589838eb]" name="tests" duration-ms="6" started-at="2021-09-07T18:11:37Z" finished-at="2021-09-07T18:11:37Z">
          <params>
            <param index="0">
              <value>
                <![CDATA[rnaveenraj]]>
              </value>
            </param>
            <param index="1">
              <value>
                <![CDATA[rnaveen]]>
              </value>
            </param>
          </params>
          <exception class="java.lang.Error">
            <message>
              <![CDATA[Unresolved compilation problems: 
AdactinElements cannot be resolved to a type
AdactinElements cannot be resolved to a type
]]>
            </message>
            <full-stacktrace>
              <![CDATA[java.lang.Error: Unresolved compilation problems: 
AdactinElements cannot be resolved to a type
AdactinElements cannot be resolved to a type

at TestPackages.MainProjects.tests(MainProjects.java:44)
at sun.reflect.NativeMethodAccessorImpl.invoke0(Native Method)
at sun.reflect.NativeMethodAccessorImpl.invoke(Unknown Source)
at sun.reflect.DelegatingMethodAccessorImpl.invoke(Unknown Source)
at java.lang.reflect.Method.invoke(Unknown Source)
at org.testng.internal.MethodInvocationHelper.invokeMethod(MethodInvocationHelper.java:124)
at org.testng.internal.Invoker.invokeMethod(Invoker.java:583)
at org.testng.internal.Invoker.invokeTestMethod(Invoker.java:719)
at org.testng.internal.Invoker.invokeTestMethods(Invoker.java:989)
at org.testng.internal.TestMethodWorker.invokeTestMethods(TestMethodWorker.java:125)
at org.testng.internal.TestMethodWorker.run(TestMethodWorker.java:109)
at org.testng.TestRunner.privateRun(TestRunner.java:648)
at org.testng.TestRunner.run(TestRunner.java:505)
at org.testng.SuiteRunner.runTest(SuiteRunner.java:455)
at org.testng.SuiteRunner.runSequentially(SuiteRunner.java:450)
at org.testng.SuiteRunner.privateRun(SuiteRunner.java:415)
at org.testng.SuiteRunner.run(SuiteRunner.java:364)
at org.testng.SuiteRunnerWorker.runSuite(SuiteRunnerWorker.java:52)
at org.testng.SuiteRunnerWorker.run(SuiteRunnerWorker.java:84)
at org.testng.TestNG.runSuitesSequentially(TestNG.java:1208)
at org.testng.TestNG.runSuitesLocally(TestNG.java:1137)
at org.testng.TestNG.runSuites(TestNG.java:1049)
at org.testng.TestNG.run(TestNG.java:1017)
at org.testng.remote.AbstractRemoteTestNG.run(AbstractRemoteTestNG.java:114)
at org.testng.remote.RemoteTestNG.initAndRun(RemoteTestNG.java:251)
at org.testng.remote.RemoteTestNG.main(RemoteTestNG.java:77)
]]>
            </full-stacktrace>
          </exception> <!-- java.lang.Error -->
          <reporter-output>
          </reporter-output>
        </test-method> <!-- tests -->
        <test-method status="PASS" signature="after()[pri:0, instance:TestPackages.MainProjects@589838eb]" name="after" is-config="true" duration-ms="0" started-at="2021-09-07T18:11:37Z" finished-at="2021-09-07T18:11:37Z">
          <reporter-output>
          </reporter-output>
        </test-method> <!-- after -->
        <test-method status="PASS" signature="AfterClass()[pri:0, instance:TestPackages.MainProjects@589838eb]" name="AfterClass" is-config="true" duration-ms="698" started-at="2021-09-07T18:11:37Z" finished-at="2021-09-07T18:11:37Z">
          <reporter-output>
          </reporter-output>
        </test-method> <!-- AfterClass -->
      </class> <!-- TestPackages.MainProjects -->
    </test> <!-- Default test -->
  </suite> <!-- Default suite -->
</testng-results>
